<html>
<head>
<title>TestNG:  Test</title>
<link href="../testng.css" rel="stylesheet" type="text/css" />
<link href="../my-testng.css" rel="stylesheet" type="text/css" />

<style type="text/css">
.log { display: none;} 
.stack-trace { display: none;} 
</style>
<script type="text/javascript">
<!--
function flip(e) {
  current = e.style.display;
  if (current == 'block') {
    e.style.display = 'none';
    return 0;
  }
  else {
    e.style.display = 'block';
    return 1;
  }
}

function toggleBox(szDivId, elem, msg1, msg2)
{
  var res = -1;  if (document.getElementById) {
    res = flip(document.getElementById(szDivId));
  }
  else if (document.all) {
    // this is the way old msie versions work
    res = flip(document.all[szDivId]);
  }
  if(elem) {
    if(res == 0) elem.innerHTML = msg1; else elem.innerHTML = msg2;
  }

}

function toggleAllBoxes() {
  if (document.getElementsByTagName) {
    d = document.getElementsByTagName('div');
    for (i = 0; i < d.length; i++) {
      if (d[i].className == 'log') {
        flip(d[i]);
      }
    }
  }
}

// -->
</script>

</head>
<body>
<h2 align='center'>Test</h2><table border='1' align="center">
<tr>
<td>Tests passed/Failed/Skipped:</td><td>8/2/0</td>
</tr><tr>
<td>Started on:</td><td>Tue Jan 01 16:16:04 IST 2019</td>
</tr>
<tr><td>Total time:</td><td>139 seconds (139440 ms)</td>
</tr><tr>
<td>Included groups:</td><td></td>
</tr><tr>
<td>Excluded groups:</td><td></td>
</tr>
</table><p/>
<small><i>(Hover the method name to see the test class name)</i></small><p/>
<table width='100%' border='1' class='invocation-failed'>
<tr><td colspan='4' align='center'><b>FAILED TESTS</b></td></tr>
<tr><td><b>Test method</b></td>
<td width="30%"><b>Exception</b></td>
<td width="10%"><b>Time (seconds)</b></td>
<td><b>Instance</b></td>
</tr>
<tr>
<td title='com.linkedIN.Linkedin.AtSignupInavlidMail.AtSignupInavlidMaill()'><b>AtSignupInavlidMaill</b><br>Test class: com.linkedIN.Linkedin.AtSignupInavlidMail</td>
<td><div><pre>java.lang.AssertionError: Erro for data input expected [Please enter a valid email address] but found [Please enter a valid email address or mobile number]
	at com.pageactions.SingupPageActions.ErrorMessage(SingupPageActions.java:31)
	at com.linkedIN.Linkedin.AtSignupInavlidMail.AtSignupInavlidMaill(AtSignupInavlidMail.java:31)
... Removed 28 stack frames</pre></div><a href='#' onClick='toggleBox("stack-trace832292933", this, "Click to show all stack frames", "Click to hide stack frames")'>Click to show all stack frames</a>
<div class='stack-trace' id='stack-trace832292933'><pre>java.lang.AssertionError: Erro for data input expected [Please enter a valid email address] but found [Please enter a valid email address or mobile number]
	at org.testng.Assert.fail(Assert.java:94)
	at org.testng.Assert.failNotEquals(Assert.java:496)
	at org.testng.Assert.assertEquals(Assert.java:125)
	at org.testng.Assert.assertEquals(Assert.java:178)
	at com.pageactions.SingupPageActions.ErrorMessage(SingupPageActions.java:31)
	at com.linkedIN.Linkedin.AtSignupInavlidMail.AtSignupInavlidMaill(AtSignupInavlidMail.java:31)
	at sun.reflect.NativeMethodAccessorImpl.invoke0(Native Method)
	at sun.reflect.NativeMethodAccessorImpl.invoke(Unknown Source)
	at sun.reflect.DelegatingMethodAccessorImpl.invoke(Unknown Source)
	at java.lang.reflect.Method.invoke(Unknown Source)
	at org.testng.internal.MethodInvocationHelper.invokeMethod(MethodInvocationHelper.java:85)
	at org.testng.internal.Invoker.invokeMethod(Invoker.java:639)
	at org.testng.internal.Invoker.invokeTestMethod(Invoker.java:816)
	at org.testng.internal.Invoker.invokeTestMethods(Invoker.java:1124)
	at org.testng.internal.TestMethodWorker.invokeTestMethods(TestMethodWorker.java:125)
	at org.testng.internal.TestMethodWorker.run(TestMethodWorker.java:108)
	at org.testng.TestRunner.privateRun(TestRunner.java:774)
	at org.testng.TestRunner.run(TestRunner.java:624)
	at org.testng.SuiteRunner.runTest(SuiteRunner.java:359)
	at org.testng.SuiteRunner.runSequentially(SuiteRunner.java:354)
	at org.testng.SuiteRunner.privateRun(SuiteRunner.java:312)
	at org.testng.SuiteRunner.run(SuiteRunner.java:261)
	at org.testng.SuiteRunnerWorker.runSuite(SuiteRunnerWorker.java:52)
	at org.testng.SuiteRunnerWorker.run(SuiteRunnerWorker.java:86)
	at org.testng.TestNG.runSuitesSequentially(TestNG.java:1215)
	at org.testng.TestNG.runSuitesLocally(TestNG.java:1140)
	at org.testng.TestNG.run(TestNG.java:1048)
	at org.testng.remote.AbstractRemoteTestNG.run(AbstractRemoteTestNG.java:114)
	at org.testng.remote.RemoteTestNG.initAndRun(RemoteTestNG.java:251)
	at org.testng.remote.RemoteTestNG.main(RemoteTestNG.java:77)
</pre></div></td>
<td>5</td>
<td>com.linkedIN.Linkedin.AtSignupInavlidMail@7cd62f43</td></tr>
<tr>
<td title='com.linkedIN.Linkedin.AtSignupInvalidPhone.AtSignupInvalidPhonee()'><b>AtSignupInvalidPhonee</b><br>Test class: com.linkedIN.Linkedin.AtSignupInvalidPhone</td>
<td><div><pre>java.lang.AssertionError: Erro for data input expected [Please enter a valid phone number and select your country code.] but found [Please enter a valid first name]
	at com.pageactions.SingupPageActions.ErrorMessage(SingupPageActions.java:31)
	at com.linkedIN.Linkedin.AtSignupInvalidPhone.AtSignupInvalidPhonee(AtSignupInvalidPhone.java:25)
... Removed 28 stack frames</pre></div><a href='#' onClick='toggleBox("stack-trace1361817590", this, "Click to show all stack frames", "Click to hide stack frames")'>Click to show all stack frames</a>
<div class='stack-trace' id='stack-trace1361817590'><pre>java.lang.AssertionError: Erro for data input expected [Please enter a valid phone number and select your country code.] but found [Please enter a valid first name]
	at org.testng.Assert.fail(Assert.java:94)
	at org.testng.Assert.failNotEquals(Assert.java:496)
	at org.testng.Assert.assertEquals(Assert.java:125)
	at org.testng.Assert.assertEquals(Assert.java:178)
	at com.pageactions.SingupPageActions.ErrorMessage(SingupPageActions.java:31)
	at com.linkedIN.Linkedin.AtSignupInvalidPhone.AtSignupInvalidPhonee(AtSignupInvalidPhone.java:25)
	at sun.reflect.NativeMethodAccessorImpl.invoke0(Native Method)
	at sun.reflect.NativeMethodAccessorImpl.invoke(Unknown Source)
	at sun.reflect.DelegatingMethodAccessorImpl.invoke(Unknown Source)
	at java.lang.reflect.Method.invoke(Unknown Source)
	at org.testng.internal.MethodInvocationHelper.invokeMethod(MethodInvocationHelper.java:85)
	at org.testng.internal.Invoker.invokeMethod(Invoker.java:639)
	at org.testng.internal.Invoker.invokeTestMethod(Invoker.java:816)
	at org.testng.internal.Invoker.invokeTestMethods(Invoker.java:1124)
	at org.testng.internal.TestMethodWorker.invokeTestMethods(TestMethodWorker.java:125)
	at org.testng.internal.TestMethodWorker.run(TestMethodWorker.java:108)
	at org.testng.TestRunner.privateRun(TestRunner.java:774)
	at org.testng.TestRunner.run(TestRunner.java:624)
	at org.testng.SuiteRunner.runTest(SuiteRunner.java:359)
	at org.testng.SuiteRunner.runSequentially(SuiteRunner.java:354)
	at org.testng.SuiteRunner.privateRun(SuiteRunner.java:312)
	at org.testng.SuiteRunner.run(SuiteRunner.java:261)
	at org.testng.SuiteRunnerWorker.runSuite(SuiteRunnerWorker.java:52)
	at org.testng.SuiteRunnerWorker.run(SuiteRunnerWorker.java:86)
	at org.testng.TestNG.runSuitesSequentially(TestNG.java:1215)
	at org.testng.TestNG.runSuitesLocally(TestNG.java:1140)
	at org.testng.TestNG.run(TestNG.java:1048)
	at org.testng.remote.AbstractRemoteTestNG.run(AbstractRemoteTestNG.java:114)
	at org.testng.remote.RemoteTestNG.initAndRun(RemoteTestNG.java:251)
	at org.testng.remote.RemoteTestNG.main(RemoteTestNG.java:77)
</pre></div></td>
<td>5</td>
<td>com.linkedIN.Linkedin.AtSignupInvalidPhone@685cb137</td></tr>
</table><p>
<table width='100%' border='1' class='invocation-passed'>
<tr><td colspan='4' align='center'><b>PASSED TESTS</b></td></tr>
<tr><td><b>Test method</b></td>
<td width="30%"><b>Exception</b></td>
<td width="10%"><b>Time (seconds)</b></td>
<td><b>Instance</b></td>
</tr>
<tr>
<td title='com.linkedIN.Linkedin.AtInvalidBlank.AtInvalidBlanck()'><b>AtInvalidBlanck</b><br>Test class: com.linkedIN.Linkedin.AtInvalidBlank</td>
<td></td>
<td>5</td>
<td>com.linkedIN.Linkedin.AtInvalidBlank@6a41eaa2</td></tr>
<tr>
<td title='com.linkedIN.Linkedin.AtLoginInavlidBlankPassword.AtLoginInavlidBlankPasssword()'><b>AtLoginInavlidBlankPasssword</b><br>Test class: com.linkedIN.Linkedin.AtLoginInavlidBlankPassword</td>
<td></td>
<td>5</td>
<td>com.linkedIN.Linkedin.AtLoginInavlidBlankPassword@39c0f4a</td></tr>
<tr>
<td title='com.linkedIN.Linkedin.AtLoginInvalid.AtLoginInvallid()'><b>AtLoginInvallid</b><br>Test class: com.linkedIN.Linkedin.AtLoginInvalid</td>
<td></td>
<td>6</td>
<td>com.linkedIN.Linkedin.AtLoginInvalid@7d9d1a19</td></tr>
<tr>
<td title='com.linkedIN.Linkedin.AtLoginValidBack.AtLoginValidBackk()'><b>AtLoginValidBackk</b><br>Test class: com.linkedIN.Linkedin.AtLoginValidBack</td>
<td></td>
<td>6</td>
<td>com.linkedIN.Linkedin.AtLoginValidBack@4883b407</td></tr>
<tr>
<td title='com.linkedIN.Linkedin.AtSignupInvalidFirstName.AtSignupInvalidFirstNamee()'><b>AtSignupInvalidFirstNamee</b><br>Test class: com.linkedIN.Linkedin.AtSignupInvalidFirstName</td>
<td></td>
<td>6</td>
<td>com.linkedIN.Linkedin.AtSignupInvalidFirstName@6a4f787b</td></tr>
<tr>
<td title='com.linkedIN.Linkedin.AtSignupInvalidPassword.AtSignupInvalidPasswordd()'><b>AtSignupInvalidPasswordd</b><br>Test class: com.linkedIN.Linkedin.AtSignupInvalidPassword</td>
<td></td>
<td>5</td>
<td>com.linkedIN.Linkedin.AtSignupInvalidPassword@6093dd95</td></tr>
<tr>
<td title='com.linkedIN.Linkedin.AtSigupInvalidLastName.AtSigupInvalidLastNamee()'><b>AtSigupInvalidLastNamee</b><br>Test class: com.linkedIN.Linkedin.AtSigupInvalidLastName</td>
<td></td>
<td>5</td>
<td>com.linkedIN.Linkedin.AtSigupInvalidLastName@5622fdf</td></tr>
<tr>
<td title='com.linkedIN.Linkedin.ValidLogin.ValidLogin1()'><b>ValidLogin1</b><br>Test class: com.linkedIN.Linkedin.ValidLogin</td>
<td></td>
<td>6</td>
<td>com.linkedIN.Linkedin.ValidLogin@6d4b1c02</td></tr>
</table><p>
</body>
</html>